<?xml version="1.0" encoding="UTF-8"?>
<!-- Generated by org.testng.reporters.JUnitReportReporter -->
<testsuite hostname="LAPTOP-C43ST87V" failures="0" tests="1" name="com.bridgelabz.webelementinterfacemethod.UNtextboxisEnabledinFacebook" time="9.379" errors="0" timestamp="2022-09-06T10:20:20 IST" skipped="0">
  <testcase classname="com.bridgelabz.webelementinterfacemethod.UNtextboxisEnabledinFacebook" name="verifyUNtextboxisEnabledinFacebook" time="9.379"/>
  <system-out/>
</testsuite> <!-- com.bridgelabz.webelementinterfacemethod.UNtextboxisEnabledinFacebook -->
